<?xml version="1.0" encoding="UTF-8"?>
<!-- Generated by org.testng.reporters.JUnitXMLReporter -->
<testsuite ignored="2" hostname="DESKTOP-RL8SVL3" failures="1" tests="3" name="Test" time="113.459" errors="0" timestamp="2023-08-01T19:41:57 IST">
  <testcase classname="com.OrangeHRM.test.LoginPageTest" name="verifyLogo" time="8.209">
    <failure type="java.lang.AssertionError" message="expected [false] but found [true]">
      <![CDATA[java.lang.AssertionError: expected [false] but found [true]
at com.OrangeHRM.test.LoginPageTest.verifyLogo(LoginPageTest.java:29)
at java.base/java.util.ArrayList.forEach(ArrayList.java:1511)
... Removed 31 stack frames]]>
    </failure>
  </testcase> <!-- verifyLogo -->
  <testcase classname="com.OrangeHRM.test.LoginPageTest" name="verifyLogin" time="20.78"/>
  <testcase classname="com.OrangeHRM.test.LoginPageTest" name="sampleCase" time="0.005"/>
  <testcase classname="com.OrangeHRM.base.BaseClass" name="@AfterSuite endReport" time="0.0">
    <ignored/>
  </testcase> <!-- @AfterSuite endReport -->
  <testcase classname="com.OrangeHRM.base.BaseClass" name="@BeforeSuite setExtent" time="0.0">
    <ignored/>
  </testcase> <!-- @BeforeSuite setExtent -->
</testsuite> <!-- Test -->
