<?xml version="1.0" encoding="UTF-8"?>
<testng-results ignored="0" total="3" passed="2" failed="1" skipped="0">
  <reporter-output>
  </reporter-output>
  <suite started-at="2023-08-01T19:40:04 IST" name="Suite" finished-at="2023-08-01T19:41:57 IST" duration-ms="113459">
    <groups>
    </groups>
    <test started-at="2023-08-01T19:40:04 IST" name="Test" finished-at="2023-08-01T19:41:57 IST" duration-ms="113459">
      <class name="com.OrangeHRM.base.BaseClass">
        <test-method is-config="true" signature="setExtent()[pri:0, instance:com.OrangeHRM.base.BaseClass@8458f04]" started-at="2023-08-01T19:40:03 IST" name="setExtent" finished-at="2023-08-01T19:40:04 IST" duration-ms="589" status="PASS">
          <reporter-output>
          </reporter-output>
        </test-method> <!-- setExtent -->
        <test-method is-config="true" signature="endReport()[pri:0, instance:com.OrangeHRM.base.BaseClass@8458f04]" started-at="2023-08-01T19:41:57 IST" name="endReport" finished-at="2023-08-01T19:41:58 IST" duration-ms="900" status="PASS">
          <reporter-output>
          </reporter-output>
        </test-method> <!-- endReport -->
      </class> <!-- com.OrangeHRM.base.BaseClass -->
      <class name="com.OrangeHRM.test.LoginPageTest">
        <test-method is-config="true" signature="setup()[pri:0, instance:com.OrangeHRM.test.LoginPageTest@2767e23c]" started-at="2023-08-01T19:40:04 IST" name="setup" finished-at="2023-08-01T19:40:33 IST" duration-ms="29611" status="PASS">
          <reporter-output>
          </reporter-output>
        </test-method> <!-- setup -->
        <test-method signature="verifyLogo()[pri:1, instance:com.OrangeHRM.test.LoginPageTest@2767e23c]" started-at="2023-08-01T19:40:33 IST" name="verifyLogo" finished-at="2023-08-01T19:40:42 IST" duration-ms="8209" status="FAIL">
          <exception class="java.lang.AssertionError">
            <message>
              <![CDATA[expected [false] but found [true]]]>
            </message>
            <full-stacktrace>
              <![CDATA[java.lang.AssertionError: expected [false] but found [true]
at org.testng.Assert.fail(Assert.java:111)
at org.testng.Assert.failNotEquals(Assert.java:1578)
at org.testng.Assert.assertFalse(Assert.java:79)
at org.testng.Assert.assertFalse(Assert.java:89)
at com.OrangeHRM.test.LoginPageTest.verifyLogo(LoginPageTest.java:29)
at java.base/jdk.internal.reflect.NativeMethodAccessorImpl.invoke0(Native Method)
at java.base/jdk.internal.reflect.NativeMethodAccessorImpl.invoke(NativeMethodAccessorImpl.java:77)
at java.base/jdk.internal.reflect.DelegatingMethodAccessorImpl.invoke(DelegatingMethodAccessorImpl.java:43)
at java.base/java.lang.reflect.Method.invoke(Method.java:568)
at org.testng.internal.invokers.MethodInvocationHelper.invokeMethod(MethodInvocationHelper.java:139)
at org.testng.internal.invokers.TestInvoker.invokeMethod(TestInvoker.java:664)
at org.testng.internal.invokers.TestInvoker.invokeTestMethod(TestInvoker.java:227)
at org.testng.internal.invokers.MethodRunner.runInSequence(MethodRunner.java:50)
at org.testng.internal.invokers.TestInvoker$MethodInvocationAgent.invoke(TestInvoker.java:957)
at org.testng.internal.invokers.TestInvoker.invokeTestMethods(TestInvoker.java:200)
at org.testng.internal.invokers.TestMethodWorker.invokeTestMethods(TestMethodWorker.java:148)
at org.testng.internal.invokers.TestMethodWorker.run(TestMethodWorker.java:128)
at java.base/java.util.ArrayList.forEach(ArrayList.java:1511)
at org.testng.TestRunner.privateRun(TestRunner.java:848)
at org.testng.TestRunner.run(TestRunner.java:621)
at org.testng.SuiteRunner.runTest(SuiteRunner.java:443)
at org.testng.SuiteRunner.runSequentially(SuiteRunner.java:437)
at org.testng.SuiteRunner.privateRun(SuiteRunner.java:397)
at org.testng.SuiteRunner.run(SuiteRunner.java:336)
at org.testng.SuiteRunnerWorker.runSuite(SuiteRunnerWorker.java:52)
at org.testng.SuiteRunnerWorker.run(SuiteRunnerWorker.java:95)
at org.testng.TestNG.runSuitesSequentially(TestNG.java:1280)
at org.testng.TestNG.runSuitesLocally(TestNG.java:1200)
at org.testng.TestNG.runSuites(TestNG.java:1114)
at org.testng.TestNG.run(TestNG.java:1082)
at org.testng.remote.AbstractRemoteTestNG.run(AbstractRemoteTestNG.java:115)
at org.testng.remote.RemoteTestNG.initAndRun(RemoteTestNG.java:251)
at org.testng.remote.RemoteTestNG.main(RemoteTestNG.java:77)
]]>
            </full-stacktrace>
          </exception> <!-- java.lang.AssertionError -->
          <reporter-output>
          </reporter-output>
        </test-method> <!-- verifyLogo -->
        <test-method is-config="true" signature="tearDown(org.testng.ITestResult)[pri:0, instance:com.OrangeHRM.test.LoginPageTest@2767e23c]" started-at="2023-08-01T19:40:42 IST" name="tearDown" finished-at="2023-08-01T19:40:42 IST" duration-ms="630" status="PASS">
          <params>
            <param index="0">
              <value>
                <![CDATA[[TestResult name=verifyLogo status=FAILURE method=LoginPageTest.verifyLogo()[pri:1, instance:com.OrangeHRM.test.LoginPageTest@2767e23c] output={null}]]]>
              </value>
            </param>
          </params>
          <reporter-output>
          </reporter-output>
        </test-method> <!-- tearDown -->
        <test-method is-config="true" signature="setup()[pri:0, instance:com.OrangeHRM.test.LoginPageTest@2767e23c]" started-at="2023-08-01T19:40:42 IST" name="setup" finished-at="2023-08-01T19:41:09 IST" duration-ms="26397" status="PASS">
          <reporter-output>
          </reporter-output>
        </test-method> <!-- setup -->
        <test-method signature="verifyLogin()[pri:2, instance:com.OrangeHRM.test.LoginPageTest@2767e23c]" started-at="2023-08-01T19:41:09 IST" name="verifyLogin" finished-at="2023-08-01T19:41:30 IST" duration-ms="20780" status="PASS">
          <reporter-output>
          </reporter-output>
        </test-method> <!-- verifyLogin -->
        <test-method is-config="true" signature="tearDown(org.testng.ITestResult)[pri:0, instance:com.OrangeHRM.test.LoginPageTest@2767e23c]" started-at="2023-08-01T19:41:30 IST" name="tearDown" finished-at="2023-08-01T19:41:30 IST" duration-ms="316" status="PASS">
          <params>
            <param index="0">
              <value>
                <![CDATA[[TestResult name=verifyLogin status=SUCCESS method=LoginPageTest.verifyLogin()[pri:2, instance:com.OrangeHRM.test.LoginPageTest@2767e23c] output={null}]]]>
              </value>
            </param>
          </params>
          <reporter-output>
          </reporter-output>
        </test-method> <!-- tearDown -->
        <test-method is-config="true" signature="setup()[pri:0, instance:com.OrangeHRM.test.LoginPageTest@2767e23c]" started-at="2023-08-01T19:41:30 IST" name="setup" finished-at="2023-08-01T19:41:57 IST" duration-ms="27121" status="PASS">
          <reporter-output>
          </reporter-output>
        </test-method> <!-- setup -->
        <test-method signature="sampleCase()[pri:3, instance:com.OrangeHRM.test.LoginPageTest@2767e23c]" started-at="2023-08-01T19:41:57 IST" name="sampleCase" finished-at="2023-08-01T19:41:57 IST" duration-ms="5" status="PASS">
          <reporter-output>
          </reporter-output>
        </test-method> <!-- sampleCase -->
        <test-method is-config="true" signature="tearDown(org.testng.ITestResult)[pri:0, instance:com.OrangeHRM.test.LoginPageTest@2767e23c]" started-at="2023-08-01T19:41:57 IST" name="tearDown" finished-at="2023-08-01T19:41:57 IST" duration-ms="279" status="PASS">
          <params>
            <param index="0">
              <value>
                <![CDATA[[TestResult name=sampleCase status=SUCCESS method=LoginPageTest.sampleCase()[pri:3, instance:com.OrangeHRM.test.LoginPageTest@2767e23c] output={null}]]]>
              </value>
            </param>
          </params>
          <reporter-output>
          </reporter-output>
        </test-method> <!-- tearDown -->
      </class> <!-- com.OrangeHRM.test.LoginPageTest -->
    </test> <!-- Test -->
  </suite> <!-- Suite -->
</testng-results>
